# Logfile created on Wed Nov 21 02:15:57 -0200 2012  [4;36;1mSQL (2.0ms)[0m   [0;1mSET SQL_AUTO_IS_NULL=0[0m
  [4;35;1mSQL (1245.0ms)[0m   [0mCREATE TABLE `schema_migrations` (`version` varchar(255) NOT NULL) ENGINE=InnoDB CHARACTER SET `utf8`[0m
  [4;36;1mSQL (747.0ms)[0m   [0;1mCREATE UNIQUE INDEX `unique_schema_migrations` ON `schema_migrations` (`version`)[0m
  [4;35;1mSQL (46.0ms)[0m   [0mSELECT version FROM schema_migrations[0m
Migrating to CreateProducts (1)
  [4;36;1mSQL (145.0ms)[0m   [0;1mCREATE TABLE `products` (`id` int(11) DEFAULT NULL auto_increment PRIMARY KEY, `title` varchar(255), `description` text, `image_url` varchar(255)) ENGINE=InnoDB CHARACTER SET `utf8`[0m
  [4;35;1mSQL (11.0ms)[0m   [0mINSERT INTO schema_migrations (version) VALUES ('1')[0m
Migrating to AddPrice (2)
  [4;36;1mSQL (802.0ms)[0m   [0;1mALTER TABLE `products` ADD `price` decimal(8,2) DEFAULT 0[0m
  [4;35;1mSQL (79.0ms)[0m   [0mINSERT INTO schema_migrations (version) VALUES ('2')[0m
Migrating to AddTestData (3)
  [4;36;1mProduct Load (84.0ms)[0m   [0;1mSELECT `products`.id FROM `products` WHERE (`products`.`title` = 'Pragmatic Project Automation') LIMIT 1[0m
  [4;35;1mSQL (0.0ms)[0m   [0mINSERT INTO `products` (`title`, `description`, `image_url`, `price`) VALUES('Pragmatic Project Automation', '<p>\n <em>Pragmatic Project Automation</em> shows you how to improve the \n consistency and repeatability of your project\'s procedures using \n automation to reduce risk and errors.\n </p>\n <p>\n Simply put, we\'re going to put this thing called a computer to work \n for you doing the mundane (but important) project stuff. That means \n you\'ll have more time and energy to do the really \n exciting---and difficult---stuff, like writing quality code.\n </p>', '/images/auto.jpg', '29.95')[0m
  [4;36;1mProduct Load (1.0ms)[0m   [0;1mSELECT `products`.id FROM `products` WHERE (`products`.`title` = 'Pragmatic Version Control') LIMIT 1[0m
  [4;35;1mSQL (0.0ms)[0m   [0mINSERT INTO `products` (`title`, `description`, `image_url`, `price`) VALUES('Pragmatic Version Control', '<p>\n This book is a recipe-based approach to using Subversion that will \n get you up and \n running quickly---and correctly. All projects need version control: \n it\'s a foundational piece of any project\'s infrastructure. Yet half \n of all project teams in the U.S. don\'t use any version control at all. \n Many others don\'t use it well, and end up experiencing time-consuming problems.\n </p>', '/images/svn.jpg', '28.5')[0m
  [4;36;1mProduct Load (1.0ms)[0m   [0;1mSELECT `products`.id FROM `products` WHERE (`products`.`title` = 'Pragmatic Unit Testing (C#)') LIMIT 1[0m
  [4;35;1mSQL (1.0ms)[0m   [0mINSERT INTO `products` (`title`, `description`, `image_url`, `price`) VALUES('Pragmatic Unit Testing (C#)', '<p>\n Pragmatic programmers use feedback to drive their development and \n personal processes. The most valuable feedback you can get while \n coding comes from unit testing.\n </p>\n <p>\n Without good tests in place, coding can become a frustrating game of \n \"whack-a-mole.\" That\'s the carnival game where the player strikes at a \n mechanical mole; it retreats and another mole pops up on the opposite side \n of the field. The moles pop up and down so fast that you end up flailing \n your mallet helplessly as the moles continue to pop up where you least \n expect them.\n </p>', '/images/utc.jpg', '27.75')[0m
  [4;36;1mSQL (1.0ms)[0m   [0;1mINSERT INTO schema_migrations (version) VALUES ('3')[0m
Migrating to AddSessions (4)
  [4;35;1mSQL (48.0ms)[0m   [0mCREATE TABLE `sessions` (`id` int(11) DEFAULT NULL auto_increment PRIMARY KEY, `session_id` varchar(255), `data` text, `updated_at` datetime) ENGINE=InnoDB CHARACTER SET `utf8`[0m
  [4;36;1mSQL (57.0ms)[0m   [0;1mCREATE INDEX `index_sessions_on_session_id` ON `sessions` (`session_id`)[0m
  [4;35;1mSQL (1.0ms)[0m   [0mINSERT INTO schema_migrations (version) VALUES ('4')[0m
Migrating to CreateOrders (5)
  [4;36;1mSQL (7.0ms)[0m   [0;1mCREATE TABLE `orders` (`id` int(11) DEFAULT NULL auto_increment PRIMARY KEY, `name` varchar(255), `address` text, `email` varchar(255), `pay_type` varchar(10)) ENGINE=InnoDB CHARACTER SET `utf8`[0m
  [4;35;1mSQL (32.0ms)[0m   [0mINSERT INTO schema_migrations (version) VALUES ('5')[0m
Migrating to CreateLineItems (6)
  [4;36;1mSQL (51.0ms)[0m   [0;1mCREATE TABLE `line_items` (`id` int(11) DEFAULT NULL auto_increment PRIMARY KEY, `product_id` integer(10) NOT NULL, `order_id` integer(10) NOT NULL, `quantity` integer(10) NOT NULL, `total_price` decimal(8,2) NOT NULL) ENGINE=InnoDB CHARACTER SET `utf8`[0m
  [4;35;1mSQL (224.0ms)[0m   [0malter table line_items 
 add constraint fk_line_item_products 
 foreign key (product_id) references products(id)[0m
  [4;36;1mSQL (215.0ms)[0m   [0;1malter table line_items 
 add constraint fk_line_item_orders
 foreign key (order_id) references orders(id)[0m
  [4;35;1mSQL (2.0ms)[0m   [0mINSERT INTO schema_migrations (version) VALUES ('6')[0m
Migrating to CreateUsers (7)
  [4;36;1mSQL (43.0ms)[0m   [0;1mCREATE TABLE `users` (`id` int(11) DEFAULT NULL auto_increment PRIMARY KEY, `name` varchar(255), `hashed_password` varchar(255), `salt` varchar(255)) ENGINE=InnoDB CHARACTER SET `utf8`[0m
  [4;35;1mUser Load (0.0ms)[0m   [0mSELECT `users`.id FROM `users` WHERE (`users`.`name` = 'admin') LIMIT 1[0m
  [4;36;1mSQL (1.0ms)[0m   [0;1mINSERT INTO `users` (`name`, `hashed_password`, `salt`) VALUES('admin', 'bf75eb43b15fee079059e7f0c026cc0baf5605e6', '28000.143375814275748')[0m
  [4;35;1mSQL (1.0ms)[0m   [0mINSERT INTO schema_migrations (version) VALUES ('7')[0m
  [4;36;1mSQL (22.0ms)[0m   [0;1mSELECT version FROM schema_migrations[0m
